<?xml version="1.0" encoding="UTF-8"?>
<!-- Generated by org.testng.reporters.JUnitXMLReporter -->
<testsuite ignored="6" hostname="Ashwin" failures="1" tests="55" name="Test" time="170.727" errors="0" timestamp="2023-03-27T17:16:35 IST">
  <testcase classname="TestCase.Loginpage" name="loginNegativeMailID" time="1.14"/>
  <testcase classname="TestCase.Loginpage" name="loginNegativeMailID" time="1.182"/>
  <testcase classname="TestCase.Loginpage" name="loginNegativeMailID" time="2.088"/>
  <testcase classname="TestCase.Loginpage" name="loginNegativeInvalidOTP" time="1.722"/>
  <testcase classname="TestCase.Loginpage" name="loginPositive" time="1.963"/>
  <testcase classname="TestCase.Dashboard" name="loginPositive" time="2.042"/>
  <testcase classname="TestCase.Dashboard" name="Dashboard" time="1.902"/>
  <testcase classname="TestCase.Dashboard" name="MyData" time="0.079"/>
  <testcase classname="TestCase.SwitchProfile" name="loginPositive" time="2.784"/>
  <testcase classname="TestCase.SwitchProfile" name="switchPartner" time="2.039"/>
  <testcase classname="TestCase.SwitchProfile" name="switchAgent" time="0.094"/>
  <testcase classname="TestCase.SwitchProfile" name="switchManager" time="0.079"/>
  <testcase classname="TestCase.SwitchProfile" name="switchCustomer" time="0.095"/>
  <testcase classname="TestCase.myProfile" name="loginPositive" time="4.306"/>
  <testcase classname="TestCase.myProfile" name="myprofile" time="2.044"/>
  <testcase classname="TestCase.myProfile" name="IdNumber" time="4.168"/>
  <testcase classname="TestCase.myProfile" name="Address1" time="0.08"/>
  <testcase classname="TestCase.myProfile" name="Address2" time="0.086"/>
  <testcase classname="TestCase.myProfile" name="CityName" time="0.096"/>
  <testcase classname="TestCase.myProfile" name="PostalCode" time="0.092"/>
  <testcase classname="TestCase.myProfile" name="State" time="0.097"/>
  <testcase classname="TestCase.myProfile" name="MaritalStatus" time="0.09"/>
  <testcase classname="TestCase.myProfile" name="CountryCode" time="2.103"/>
  <testcase classname="TestCase.myProfile" name="IdIssuedCountry" time="2.138"/>
  <testcase classname="TestCase.myProfile" name="IdType" time="2.133"/>
  <testcase classname="TestCase.myProfile" name="PhoneNumber" time="0.098"/>
  <testcase classname="TestCase.myProfile" name="BankName" time="0.094"/>
  <testcase classname="TestCase.myProfile" name="AccountNumber" time="0.087"/>
  <testcase classname="TestCase.myProfile" name="BranchName" time="0.076"/>
  <testcase classname="TestCase.myProfile" name="Save" time="0.556"/>
  <testcase classname="TestCase.ManageView" name="loginPositive" time="2.719"/>
  <testcase classname="TestCase.ManageView" name="Mybeneficiary" time="4.066"/>
  <testcase classname="TestCase.ManageView" name="MyGuardian" time="0.085"/>
  <testcase classname="TestCase.ManageView" name="MyWitness" time="0.082"/>
  <testcase classname="TestCase.ManageView" name="MyExecutor" time="0.092"/>
  <testcase classname="TestCase.ManageView" name="MyAsset" time="0.847"/>
  <testcase classname="TestCase.ManageView" name="MyTrustedPerson" time="0.079"/>
  <testcase classname="TestCase.ManageView" name="MyJointcustomer" time="0.378"/>
  <testcase classname="TestCase.BasicWillFlow" name="loginPositive" time="2.109"/>
  <testcase classname="TestCase.BasicWillFlow" name="CreateMenuNavigation" time="2.071"/>
  <testcase classname="TestCase.BasicWillFlow" name="Selectproducts" time="2.918"/>
  <testcase classname="TestCase.BasicWillFlow" name="CreateBaseWill" time="0.749"/>
  <testcase classname="TestCase.BasicWillFlow" name="proceedNext" time="10.057"/>
  <testcase classname="TestCase.BasicWillFlow" name="RemoveBeneficiary" time="6.73"/>
  <testcase classname="TestCase.BasicWillFlow" name="BasicDistribution" time="1.065"/>
  <testcase classname="TestCase.BasicWillFlow" name="InsructionStep" time="1.638"/>
  <testcase classname="TestCase.BasicWillFlow" name="Witnessstep" time="3.654"/>
  <testcase classname="TestCase.BasicWillFlow" name="Reviewstep" time="0.043"/>
  <testcase classname="TestCase.BasicWillFlow" name="Previewstep" time="1.055"/>
  <testcase classname="TestCase.BasicWillFlow" name="Paymentsummary" time="10.026">
    <failure type="org.openqa.selenium.NoSuchElementException" message="no such element: Unable to locate element: {&amp;quot;method&amp;quot;:&amp;quot;xpath&amp;quot;,&amp;quot;selector&amp;quot;:&amp;quot;//div[contains(text(),&amp;apos; Wallet Credit &amp;apos;)]&amp;quot;}
  (Session info: chrome=111.0.5563.110)
For documentation on this error, please visit: https://selenium.dev/exceptions/#no_such_element
Build info: version: &amp;apos;4.8.1&amp;apos;, revision: &amp;apos;8ebccac989&amp;apos;
System info: os.name: &amp;apos;Windows 11&amp;apos;, os.arch: &amp;apos;amd64&amp;apos;, os.version: &amp;apos;10.0&amp;apos;, java.version: &amp;apos;17.0.5&amp;apos;
Driver info: org.openqa.selenium.chrome.ChromeDriver
Command: [5849cdb5c375b6fa96707867f95c1613, findElement {using=xpath, value=//div[contains(text(),&amp;apos; Wallet Credit &amp;apos;)]}]
Capabilities {acceptInsecureCerts: false, browserName: chrome, browserVersion: 111.0.5563.110, chrome: {chromedriverVersion: 111.0.5563.64 (c710e93d5b63..., userDataDir: C:\Users\91956\AppData\Loca...}, goog:chromeOptions: {debuggerAddress: localhost:55251}, networkConnectionEnabled: false, pageLoadStrategy: normal, platformName: WINDOWS, proxy: Proxy(), se:cdp: ws://localhost:55251/devtoo..., se:cdpVersion: 111.0.5563.110, setWindowRect: true, strictFileInteractability: false, timeouts: {implicit: 0, pageLoad: 300000, script: 30000}, unhandledPromptBehavior: dismiss and notify, webauthn:extension:credBlob: true, webauthn:extension:largeBlob: true, webauthn:extension:minPinLength: true, webauthn:extension:prf: true, webauthn:virtualAuthenticators: true}
Session ID: 5849cdb5c375b6fa96707867f95c1613">
      <![CDATA[org.openqa.selenium.NoSuchElementException: no such element: Unable to locate element: {"method":"xpath","selector":"//div[contains(text(),' Wallet Credit ')]"}
  (Session info: chrome=111.0.5563.110)
For documentation on this error, please visit: https://selenium.dev/exceptions/#no_such_element
Build info: version: '4.8.1', revision: '8ebccac989'
System info: os.name: 'Windows 11', os.arch: 'amd64', os.version: '10.0', java.version: '17.0.5'
Driver info: org.openqa.selenium.chrome.ChromeDriver
Command: [5849cdb5c375b6fa96707867f95c1613, findElement {using=xpath, value=//div[contains(text(),' Wallet Credit ')]}]
Capabilities {acceptInsecureCerts: false, browserName: chrome, browserVersion: 111.0.5563.110, chrome: {chromedriverVersion: 111.0.5563.64 (c710e93d5b63..., userDataDir: C:\Users\91956\AppData\Loca...}, goog:chromeOptions: {debuggerAddress: localhost:55251}, networkConnectionEnabled: false, pageLoadStrategy: normal, platformName: WINDOWS, proxy: Proxy(), se:cdp: ws://localhost:55251/devtoo..., se:cdpVersion: 111.0.5563.110, setWindowRect: true, strictFileInteractability: false, timeouts: {implicit: 0, pageLoad: 300000, script: 30000}, unhandledPromptBehavior: dismiss and notify, webauthn:extension:credBlob: true, webauthn:extension:largeBlob: true, webauthn:extension:minPinLength: true, webauthn:extension:prf: true, webauthn:virtualAuthenticators: true}
Session ID: 5849cdb5c375b6fa96707867f95c1613
at org.openqa.selenium.remote.codec.w3c.W3CHttpResponseCodec.createException(W3CHttpResponseCodec.java:200)
at org.openqa.selenium.remote.codec.w3c.W3CHttpResponseCodec.decode(W3CHttpResponseCodec.java:133)
at org.openqa.selenium.remote.codec.w3c.W3CHttpResponseCodec.decode(W3CHttpResponseCodec.java:53)
at org.openqa.selenium.remote.HttpCommandExecutor.execute(HttpCommandExecutor.java:184)
at org.openqa.selenium.remote.service.DriverCommandExecutor.invokeExecute(DriverCommandExecutor.java:167)
at org.openqa.selenium.remote.service.DriverCommandExecutor.execute(DriverCommandExecutor.java:142)
at org.openqa.selenium.remote.RemoteWebDriver.execute(RemoteWebDriver.java:543)
at org.openqa.selenium.remote.ElementLocation$ElementFinder$2.findElement(ElementLocation.java:162)
at org.openqa.selenium.remote.ElementLocation.findElement(ElementLocation.java:60)
at org.openqa.selenium.remote.RemoteWebDriver.findElement(RemoteWebDriver.java:352)
at org.openqa.selenium.remote.RemoteWebDriver.findElement(RemoteWebDriver.java:344)
at pageobjects.PaymentSummaryPage.WalletCredit(PaymentSummaryPage.java:34)
at TestCase.BasicWillFlow.Paymentsummary(BasicWillFlow.java:175)
at java.base/java.util.ArrayList.forEach(ArrayList.java:1511)
... Removed 32 stack frames]]>
    </failure>
  </testcase> <!-- Paymentsummary -->
  <testcase classname="TestCase.ManageBeneficairy" name="loginPositive" time="4.963"/>
  <testcase classname="TestCase.ManageBeneficairy" name="Mybeneficiary" time="3.234"/>
  <testcase classname="TestCase.ManageBeneficairy" name="AddBeneficiary" time="0.975"/>
  <testcase classname="TestCase.ManageBeneficairy" name="Beneficiarydetails" time="4.81"/>
  <testcase classname="TestCase.ManageBeneficairy" name="Identificationdetails" time="2.993"/>
  <testcase classname="TestCase.BasicWillFlow" name="AddressForCommunication" time="0.0">
    <ignored/>
  </testcase> <!-- AddressForCommunication -->
  <testcase classname="TestCase.BasicWillFlow" name="Personaldetails" time="0.0">
    <ignored/>
  </testcase> <!-- Personaldetails -->
  <testcase classname="TestCase.BasicWillFlow" name="Identification" time="0.0">
    <ignored/>
  </testcase> <!-- Identification -->
  <testcase classname="TestCase.myProfile" name="MyPofileUpdate" time="0.0">
    <ignored/>
  </testcase> <!-- MyPofileUpdate -->
  <testcase classname="TestCase.myProfile" name="Namefield" time="0.0">
    <ignored/>
  </testcase> <!-- Namefield -->
  <testcase classname="TestCase.myProfile" name="DOB" time="0.0">
    <ignored/>
  </testcase> <!-- DOB -->
</testsuite> <!-- Test -->
